<?xml version="1.0" encoding="UTF-8"?>
<testsuite xmlns:xsi="http://www.w3.org/2001/XMLSchema-instance" xsi:noNamespaceSchemaLocation="https://maven.apache.org/surefire/maven-surefire-plugin/xsd/surefire-test-report-3.0.xsd" version="3.0" name="TestSuite" time="36.459" tests="1" errors="0" skipped="0" failures="0">
  <properties>
    <property name="sun.desktop" value="windows"/>
    <property name="awt.toolkit" value="sun.awt.windows.WToolkit"/>
    <property name="file.encoding.pkg" value="sun.io"/>
    <property name="java.specification.version" value="1.8"/>
    <property name="webdriver.chrome.driver" value="C:\Users\AMAR-G\.cache\selenium\chromedriver\win32\99.0.4844.51\chromedriver.exe"/>
    <property name="sun.cpu.isalist" value="amd64"/>
    <property name="sun.jnu.encoding" value="Cp1252"/>
    <property name="java.class.path" value="D:\April2021\JenkinsDemo\target\test-classes;D:\April2021\JenkinsDemo\target\classes;C:\Users\AMAR-G\.m2\repository\io\github\bonigarcia\webdrivermanager\4.4.3\webdrivermanager-4.4.3.jar;C:\Users\AMAR-G\.m2\repository\org\slf4j\slf4j-api\1.7.30\slf4j-api-1.7.30.jar;C:\Users\AMAR-G\.m2\repository\commons-io\commons-io\2.8.0\commons-io-2.8.0.jar;C:\Users\AMAR-G\.m2\repository\com\google\code\gson\gson\2.8.6\gson-2.8.6.jar;C:\Users\AMAR-G\.m2\repository\org\apache\commons\commons-lang3\3.12.0\commons-lang3-3.12.0.jar;C:\Users\AMAR-G\.m2\repository\org\apache\httpcomponents\client5\httpclient5\5.0.3\httpclient5-5.0.3.jar;C:\Users\AMAR-G\.m2\repository\org\apache\httpcomponents\core5\httpcore5\5.0.2\httpcore5-5.0.2.jar;C:\Users\AMAR-G\.m2\repository\org\apache\httpcomponents\core5\httpcore5-h2\5.0.2\httpcore5-h2-5.0.2.jar;C:\Users\AMAR-G\.m2\repository\commons-codec\commons-codec\1.13\commons-codec-1.13.jar;C:\Users\AMAR-G\.m2\repository\org\rauschig\jarchivelib\1.1.0\jarchivelib-1.1.0.jar;C:\Users\AMAR-G\.m2\repository\org\apache\commons\commons-compress\1.20\commons-compress-1.20.jar;C:\Users\AMAR-G\.m2\repository\org\jsoup\jsoup\1.13.1\jsoup-1.13.1.jar;C:\Users\AMAR-G\.m2\repository\org\seleniumhq\selenium\selenium-java\4.1.2\selenium-java-4.1.2.jar;C:\Users\AMAR-G\.m2\repository\org\seleniumhq\selenium\selenium-api\4.1.2\selenium-api-4.1.2.jar;C:\Users\AMAR-G\.m2\repository\org\seleniumhq\selenium\selenium-chrome-driver\4.1.2\selenium-chrome-driver-4.1.2.jar;C:\Users\AMAR-G\.m2\repository\com\google\auto\service\auto-service-annotations\1.0.1\auto-service-annotations-1.0.1.jar;C:\Users\AMAR-G\.m2\repository\com\google\auto\service\auto-service\1.0.1\auto-service-1.0.1.jar;C:\Users\AMAR-G\.m2\repository\com\google\auto\auto-common\1.2\auto-common-1.2.jar;C:\Users\AMAR-G\.m2\repository\com\google\guava\guava\31.0.1-jre\guava-31.0.1-jre.jar;C:\Users\AMAR-G\.m2\repository\com\google\guava\failureaccess\1.0.1\failureaccess-1.0.1.jar;C:\Users\AMAR-G\.m2\repository\com\google\guava\listenablefuture\9999.0-empty-to-avoid-conflict-with-guava\listenablefuture-9999.0-empty-to-avoid-conflict-with-guava.jar;C:\Users\AMAR-G\.m2\repository\com\google\code\findbugs\jsr305\3.0.2\jsr305-3.0.2.jar;C:\Users\AMAR-G\.m2\repository\org\checkerframework\checker-qual\3.12.0\checker-qual-3.12.0.jar;C:\Users\AMAR-G\.m2\repository\com\google\errorprone\error_prone_annotations\2.7.1\error_prone_annotations-2.7.1.jar;C:\Users\AMAR-G\.m2\repository\com\google\j2objc\j2objc-annotations\1.3\j2objc-annotations-1.3.jar;C:\Users\AMAR-G\.m2\repository\org\seleniumhq\selenium\selenium-chromium-driver\4.1.2\selenium-chromium-driver-4.1.2.jar;C:\Users\AMAR-G\.m2\repository\org\seleniumhq\selenium\selenium-json\4.1.2\selenium-json-4.1.2.jar;C:\Users\AMAR-G\.m2\repository\org\seleniumhq\selenium\selenium-devtools-v85\4.1.2\selenium-devtools-v85-4.1.2.jar;C:\Users\AMAR-G\.m2\repository\org\seleniumhq\selenium\selenium-devtools-v95\4.1.2\selenium-devtools-v95-4.1.2.jar;C:\Users\AMAR-G\.m2\repository\org\seleniumhq\selenium\selenium-devtools-v96\4.1.2\selenium-devtools-v96-4.1.2.jar;C:\Users\AMAR-G\.m2\repository\org\seleniumhq\selenium\selenium-devtools-v97\4.1.2\selenium-devtools-v97-4.1.2.jar;C:\Users\AMAR-G\.m2\repository\org\seleniumhq\selenium\selenium-edge-driver\4.1.2\selenium-edge-driver-4.1.2.jar;C:\Users\AMAR-G\.m2\repository\org\seleniumhq\selenium\selenium-firefox-driver\4.1.2\selenium-firefox-driver-4.1.2.jar;C:\Users\AMAR-G\.m2\repository\org\seleniumhq\selenium\selenium-firefox-xpi-driver\4.1.2\selenium-firefox-xpi-driver-4.1.2.jar;C:\Users\AMAR-G\.m2\repository\org\seleniumhq\selenium\selenium-ie-driver\4.1.2\selenium-ie-driver-4.1.2.jar;C:\Users\AMAR-G\.m2\repository\org\seleniumhq\selenium\selenium-opera-driver\4.1.2\selenium-opera-driver-4.1.2.jar;C:\Users\AMAR-G\.m2\repository\org\seleniumhq\selenium\selenium-remote-driver\4.1.2\selenium-remote-driver-4.1.2.jar;C:\Users\AMAR-G\.m2\repository\io\netty\netty-buffer\4.1.73.Final\netty-buffer-4.1.73.Final.jar;C:\Users\AMAR-G\.m2\repository\io\netty\netty-codec-http\4.1.73.Final\netty-codec-http-4.1.73.Final.jar;C:\Users\AMAR-G\.m2\repository\io\netty\netty-codec\4.1.73.Final\netty-codec-4.1.73.Final.jar;C:\Users\AMAR-G\.m2\repository\io\netty\netty-handler\4.1.73.Final\netty-handler-4.1.73.Final.jar;C:\Users\AMAR-G\.m2\repository\io\netty\netty-tcnative-classes\2.0.46.Final\netty-tcnative-classes-2.0.46.Final.jar;C:\Users\AMAR-G\.m2\repository\io\netty\netty-common\4.1.73.Final\netty-common-4.1.73.Final.jar;C:\Users\AMAR-G\.m2\repository\io\netty\netty-transport-classes-epoll\4.1.73.Final\netty-transport-classes-epoll-4.1.73.Final.jar;C:\Users\AMAR-G\.m2\repository\io\netty\netty-transport-classes-kqueue\4.1.73.Final\netty-transport-classes-kqueue-4.1.73.Final.jar;C:\Users\AMAR-G\.m2\repository\io\netty\netty-transport-native-epoll\4.1.73.Final\netty-transport-native-epoll-4.1.73.Final.jar;C:\Users\AMAR-G\.m2\repository\io\netty\netty-transport-native-kqueue\4.1.73.Final\netty-transport-native-kqueue-4.1.73.Final.jar;C:\Users\AMAR-G\.m2\repository\io\netty\netty-transport-native-unix-common\4.1.73.Final\netty-transport-native-unix-common-4.1.73.Final.jar;C:\Users\AMAR-G\.m2\repository\io\netty\netty-transport\4.1.73.Final\netty-transport-4.1.73.Final.jar;C:\Users\AMAR-G\.m2\repository\io\netty\netty-resolver\4.1.73.Final\netty-resolver-4.1.73.Final.jar;C:\Users\AMAR-G\.m2\repository\io\opentelemetry\opentelemetry-api\1.10.1\opentelemetry-api-1.10.1.jar;C:\Users\AMAR-G\.m2\repository\io\opentelemetry\opentelemetry-context\1.10.1\opentelemetry-context-1.10.1.jar;C:\Users\AMAR-G\.m2\repository\io\opentelemetry\opentelemetry-exporter-logging\1.10.1\opentelemetry-exporter-logging-1.10.1.jar;C:\Users\AMAR-G\.m2\repository\io\opentelemetry\opentelemetry-sdk-metrics\1.10.1-alpha\opentelemetry-sdk-metrics-1.10.1-alpha.jar;C:\Users\AMAR-G\.m2\repository\io\opentelemetry\opentelemetry-sdk-logs\1.10.1-alpha\opentelemetry-sdk-logs-1.10.1-alpha.jar;C:\Users\AMAR-G\.m2\repository\io\opentelemetry\opentelemetry-sdk-common\1.10.1\opentelemetry-sdk-common-1.10.1.jar;C:\Users\AMAR-G\.m2\repository\io\opentelemetry\opentelemetry-sdk-extension-autoconfigure-spi\1.10.1\opentelemetry-sdk-extension-autoconfigure-spi-1.10.1.jar;C:\Users\AMAR-G\.m2\repository\io\opentelemetry\opentelemetry-sdk-extension-autoconfigure\1.10.1-alpha\opentelemetry-sdk-extension-autoconfigure-1.10.1-alpha.jar;C:\Users\AMAR-G\.m2\repository\io\opentelemetry\opentelemetry-sdk-trace\1.10.1\opentelemetry-sdk-trace-1.10.1.jar;C:\Users\AMAR-G\.m2\repository\io\opentelemetry\opentelemetry-sdk\1.10.1\opentelemetry-sdk-1.10.1.jar;C:\Users\AMAR-G\.m2\repository\io\opentelemetry\opentelemetry-semconv\1.10.1-alpha\opentelemetry-semconv-1.10.1-alpha.jar;C:\Users\AMAR-G\.m2\repository\io\ous\jtoml\2.0.0\jtoml-2.0.0.jar;C:\Users\AMAR-G\.m2\repository\net\bytebuddy\byte-buddy\1.12.7\byte-buddy-1.12.7.jar;C:\Users\AMAR-G\.m2\repository\org\apache\commons\commons-exec\1.3\commons-exec-1.3.jar;C:\Users\AMAR-G\.m2\repository\org\asynchttpclient\async-http-client\2.12.3\async-http-client-2.12.3.jar;C:\Users\AMAR-G\.m2\repository\org\asynchttpclient\async-http-client-netty-utils\2.12.3\async-http-client-netty-utils-2.12.3.jar;C:\Users\AMAR-G\.m2\repository\io\netty\netty-codec-socks\4.1.60.Final\netty-codec-socks-4.1.60.Final.jar;C:\Users\AMAR-G\.m2\repository\io\netty\netty-handler-proxy\4.1.60.Final\netty-handler-proxy-4.1.60.Final.jar;C:\Users\AMAR-G\.m2\repository\io\netty\netty-transport-native-epoll\4.1.60.Final\netty-transport-native-epoll-4.1.60.Final-linux-x86_64.jar;C:\Users\AMAR-G\.m2\repository\io\netty\netty-transport-native-kqueue\4.1.60.Final\netty-transport-native-kqueue-4.1.60.Final-osx-x86_64.jar;C:\Users\AMAR-G\.m2\repository\org\reactivestreams\reactive-streams\1.0.3\reactive-streams-1.0.3.jar;C:\Users\AMAR-G\.m2\repository\com\typesafe\netty\netty-reactive-streams\2.0.4\netty-reactive-streams-2.0.4.jar;C:\Users\AMAR-G\.m2\repository\com\sun\activation\jakarta.activation\1.2.2\jakarta.activation-1.2.2.jar;C:\Users\AMAR-G\.m2\repository\org\seleniumhq\selenium\selenium-http\4.1.2\selenium-http-4.1.2.jar;C:\Users\AMAR-G\.m2\repository\net\jodah\failsafe\2.4.4\failsafe-2.4.4.jar;C:\Users\AMAR-G\.m2\repository\org\seleniumhq\selenium\selenium-safari-driver\4.1.2\selenium-safari-driver-4.1.2.jar;C:\Users\AMAR-G\.m2\repository\org\seleniumhq\selenium\selenium-support\4.1.2\selenium-support-4.1.2.jar;C:\Users\AMAR-G\.m2\repository\org\testng\testng\7.1.0\testng-7.1.0.jar;C:\Users\AMAR-G\.m2\repository\com\beust\jcommander\1.72\jcommander-1.72.jar;C:\Users\AMAR-G\.m2\repository\com\google\inject\guice\4.1.0\guice-4.1.0-no_aop.jar;C:\Users\AMAR-G\.m2\repository\javax\inject\javax.inject\1\javax.inject-1.jar;C:\Users\AMAR-G\.m2\repository\aopalliance\aopalliance\1.0\aopalliance-1.0.jar;C:\Users\AMAR-G\.m2\repository\org\yaml\snakeyaml\1.21\snakeyaml-1.21.jar;"/>
    <property name="java.vm.vendor" value="Oracle Corporation"/>
    <property name="sun.arch.data.model" value="64"/>
    <property name="user.variant" value=""/>
    <property name="java.vendor.url" value="http://java.oracle.com/"/>
    <property name="user.timezone" value="Asia/Calcutta"/>
    <property name="java.vm.specification.version" value="1.8"/>
    <property name="os.name" value="Windows 8.1"/>
    <property name="user.country" value="IN"/>
    <property name="sun.java.launcher" value="SUN_STANDARD"/>
    <property name="sun.boot.library.path" value="C:\Program Files\Java\jdk1.8.0_172\jre\bin"/>
    <property name="sun.java.command" value="C:\Users\AMAR-G\AppData\Local\Temp\surefire6710660923415013934\surefirebooter2456428180339287110.jar C:\Users\AMAR-G\AppData\Local\Temp\surefire6710660923415013934 2022-03-10T15-42-41_469-jvmRun1 surefire5276753373758720281tmp surefire_04798800745139649609tmp"/>
    <property name="surefire.test.class.path" value="D:\April2021\JenkinsDemo\target\test-classes;D:\April2021\JenkinsDemo\target\classes;C:\Users\AMAR-G\.m2\repository\io\github\bonigarcia\webdrivermanager\4.4.3\webdrivermanager-4.4.3.jar;C:\Users\AMAR-G\.m2\repository\org\slf4j\slf4j-api\1.7.30\slf4j-api-1.7.30.jar;C:\Users\AMAR-G\.m2\repository\commons-io\commons-io\2.8.0\commons-io-2.8.0.jar;C:\Users\AMAR-G\.m2\repository\com\google\code\gson\gson\2.8.6\gson-2.8.6.jar;C:\Users\AMAR-G\.m2\repository\org\apache\commons\commons-lang3\3.12.0\commons-lang3-3.12.0.jar;C:\Users\AMAR-G\.m2\repository\org\apache\httpcomponents\client5\httpclient5\5.0.3\httpclient5-5.0.3.jar;C:\Users\AMAR-G\.m2\repository\org\apache\httpcomponents\core5\httpcore5\5.0.2\httpcore5-5.0.2.jar;C:\Users\AMAR-G\.m2\repository\org\apache\httpcomponents\core5\httpcore5-h2\5.0.2\httpcore5-h2-5.0.2.jar;C:\Users\AMAR-G\.m2\repository\commons-codec\commons-codec\1.13\commons-codec-1.13.jar;C:\Users\AMAR-G\.m2\repository\org\rauschig\jarchivelib\1.1.0\jarchivelib-1.1.0.jar;C:\Users\AMAR-G\.m2\repository\org\apache\commons\commons-compress\1.20\commons-compress-1.20.jar;C:\Users\AMAR-G\.m2\repository\org\jsoup\jsoup\1.13.1\jsoup-1.13.1.jar;C:\Users\AMAR-G\.m2\repository\org\seleniumhq\selenium\selenium-java\4.1.2\selenium-java-4.1.2.jar;C:\Users\AMAR-G\.m2\repository\org\seleniumhq\selenium\selenium-api\4.1.2\selenium-api-4.1.2.jar;C:\Users\AMAR-G\.m2\repository\org\seleniumhq\selenium\selenium-chrome-driver\4.1.2\selenium-chrome-driver-4.1.2.jar;C:\Users\AMAR-G\.m2\repository\com\google\auto\service\auto-service-annotations\1.0.1\auto-service-annotations-1.0.1.jar;C:\Users\AMAR-G\.m2\repository\com\google\auto\service\auto-service\1.0.1\auto-service-1.0.1.jar;C:\Users\AMAR-G\.m2\repository\com\google\auto\auto-common\1.2\auto-common-1.2.jar;C:\Users\AMAR-G\.m2\repository\com\google\guava\guava\31.0.1-jre\guava-31.0.1-jre.jar;C:\Users\AMAR-G\.m2\repository\com\google\guava\failureaccess\1.0.1\failureaccess-1.0.1.jar;C:\Users\AMAR-G\.m2\repository\com\google\guava\listenablefuture\9999.0-empty-to-avoid-conflict-with-guava\listenablefuture-9999.0-empty-to-avoid-conflict-with-guava.jar;C:\Users\AMAR-G\.m2\repository\com\google\code\findbugs\jsr305\3.0.2\jsr305-3.0.2.jar;C:\Users\AMAR-G\.m2\repository\org\checkerframework\checker-qual\3.12.0\checker-qual-3.12.0.jar;C:\Users\AMAR-G\.m2\repository\com\google\errorprone\error_prone_annotations\2.7.1\error_prone_annotations-2.7.1.jar;C:\Users\AMAR-G\.m2\repository\com\google\j2objc\j2objc-annotations\1.3\j2objc-annotations-1.3.jar;C:\Users\AMAR-G\.m2\repository\org\seleniumhq\selenium\selenium-chromium-driver\4.1.2\selenium-chromium-driver-4.1.2.jar;C:\Users\AMAR-G\.m2\repository\org\seleniumhq\selenium\selenium-json\4.1.2\selenium-json-4.1.2.jar;C:\Users\AMAR-G\.m2\repository\org\seleniumhq\selenium\selenium-devtools-v85\4.1.2\selenium-devtools-v85-4.1.2.jar;C:\Users\AMAR-G\.m2\repository\org\seleniumhq\selenium\selenium-devtools-v95\4.1.2\selenium-devtools-v95-4.1.2.jar;C:\Users\AMAR-G\.m2\repository\org\seleniumhq\selenium\selenium-devtools-v96\4.1.2\selenium-devtools-v96-4.1.2.jar;C:\Users\AMAR-G\.m2\repository\org\seleniumhq\selenium\selenium-devtools-v97\4.1.2\selenium-devtools-v97-4.1.2.jar;C:\Users\AMAR-G\.m2\repository\org\seleniumhq\selenium\selenium-edge-driver\4.1.2\selenium-edge-driver-4.1.2.jar;C:\Users\AMAR-G\.m2\repository\org\seleniumhq\selenium\selenium-firefox-driver\4.1.2\selenium-firefox-driver-4.1.2.jar;C:\Users\AMAR-G\.m2\repository\org\seleniumhq\selenium\selenium-firefox-xpi-driver\4.1.2\selenium-firefox-xpi-driver-4.1.2.jar;C:\Users\AMAR-G\.m2\repository\org\seleniumhq\selenium\selenium-ie-driver\4.1.2\selenium-ie-driver-4.1.2.jar;C:\Users\AMAR-G\.m2\repository\org\seleniumhq\selenium\selenium-opera-driver\4.1.2\selenium-opera-driver-4.1.2.jar;C:\Users\AMAR-G\.m2\repository\org\seleniumhq\selenium\selenium-remote-driver\4.1.2\selenium-remote-driver-4.1.2.jar;C:\Users\AMAR-G\.m2\repository\io\netty\netty-buffer\4.1.73.Final\netty-buffer-4.1.73.Final.jar;C:\Users\AMAR-G\.m2\repository\io\netty\netty-codec-http\4.1.73.Final\netty-codec-http-4.1.73.Final.jar;C:\Users\AMAR-G\.m2\repository\io\netty\netty-codec\4.1.73.Final\netty-codec-4.1.73.Final.jar;C:\Users\AMAR-G\.m2\repository\io\netty\netty-handler\4.1.73.Final\netty-handler-4.1.73.Final.jar;C:\Users\AMAR-G\.m2\repository\io\netty\netty-tcnative-classes\2.0.46.Final\netty-tcnative-classes-2.0.46.Final.jar;C:\Users\AMAR-G\.m2\repository\io\netty\netty-common\4.1.73.Final\netty-common-4.1.73.Final.jar;C:\Users\AMAR-G\.m2\repository\io\netty\netty-transport-classes-epoll\4.1.73.Final\netty-transport-classes-epoll-4.1.73.Final.jar;C:\Users\AMAR-G\.m2\repository\io\netty\netty-transport-classes-kqueue\4.1.73.Final\netty-transport-classes-kqueue-4.1.73.Final.jar;C:\Users\AMAR-G\.m2\repository\io\netty\netty-transport-native-epoll\4.1.73.Final\netty-transport-native-epoll-4.1.73.Final.jar;C:\Users\AMAR-G\.m2\repository\io\netty\netty-transport-native-kqueue\4.1.73.Final\netty-transport-native-kqueue-4.1.73.Final.jar;C:\Users\AMAR-G\.m2\repository\io\netty\netty-transport-native-unix-common\4.1.73.Final\netty-transport-native-unix-common-4.1.73.Final.jar;C:\Users\AMAR-G\.m2\repository\io\netty\netty-transport\4.1.73.Final\netty-transport-4.1.73.Final.jar;C:\Users\AMAR-G\.m2\repository\io\netty\netty-resolver\4.1.73.Final\netty-resolver-4.1.73.Final.jar;C:\Users\AMAR-G\.m2\repository\io\opentelemetry\opentelemetry-api\1.10.1\opentelemetry-api-1.10.1.jar;C:\Users\AMAR-G\.m2\repository\io\opentelemetry\opentelemetry-context\1.10.1\opentelemetry-context-1.10.1.jar;C:\Users\AMAR-G\.m2\repository\io\opentelemetry\opentelemetry-exporter-logging\1.10.1\opentelemetry-exporter-logging-1.10.1.jar;C:\Users\AMAR-G\.m2\repository\io\opentelemetry\opentelemetry-sdk-metrics\1.10.1-alpha\opentelemetry-sdk-metrics-1.10.1-alpha.jar;C:\Users\AMAR-G\.m2\repository\io\opentelemetry\opentelemetry-sdk-logs\1.10.1-alpha\opentelemetry-sdk-logs-1.10.1-alpha.jar;C:\Users\AMAR-G\.m2\repository\io\opentelemetry\opentelemetry-sdk-common\1.10.1\opentelemetry-sdk-common-1.10.1.jar;C:\Users\AMAR-G\.m2\repository\io\opentelemetry\opentelemetry-sdk-extension-autoconfigure-spi\1.10.1\opentelemetry-sdk-extension-autoconfigure-spi-1.10.1.jar;C:\Users\AMAR-G\.m2\repository\io\opentelemetry\opentelemetry-sdk-extension-autoconfigure\1.10.1-alpha\opentelemetry-sdk-extension-autoconfigure-1.10.1-alpha.jar;C:\Users\AMAR-G\.m2\repository\io\opentelemetry\opentelemetry-sdk-trace\1.10.1\opentelemetry-sdk-trace-1.10.1.jar;C:\Users\AMAR-G\.m2\repository\io\opentelemetry\opentelemetry-sdk\1.10.1\opentelemetry-sdk-1.10.1.jar;C:\Users\AMAR-G\.m2\repository\io\opentelemetry\opentelemetry-semconv\1.10.1-alpha\opentelemetry-semconv-1.10.1-alpha.jar;C:\Users\AMAR-G\.m2\repository\io\ous\jtoml\2.0.0\jtoml-2.0.0.jar;C:\Users\AMAR-G\.m2\repository\net\bytebuddy\byte-buddy\1.12.7\byte-buddy-1.12.7.jar;C:\Users\AMAR-G\.m2\repository\org\apache\commons\commons-exec\1.3\commons-exec-1.3.jar;C:\Users\AMAR-G\.m2\repository\org\asynchttpclient\async-http-client\2.12.3\async-http-client-2.12.3.jar;C:\Users\AMAR-G\.m2\repository\org\asynchttpclient\async-http-client-netty-utils\2.12.3\async-http-client-netty-utils-2.12.3.jar;C:\Users\AMAR-G\.m2\repository\io\netty\netty-codec-socks\4.1.60.Final\netty-codec-socks-4.1.60.Final.jar;C:\Users\AMAR-G\.m2\repository\io\netty\netty-handler-proxy\4.1.60.Final\netty-handler-proxy-4.1.60.Final.jar;C:\Users\AMAR-G\.m2\repository\io\netty\netty-transport-native-epoll\4.1.60.Final\netty-transport-native-epoll-4.1.60.Final-linux-x86_64.jar;C:\Users\AMAR-G\.m2\repository\io\netty\netty-transport-native-kqueue\4.1.60.Final\netty-transport-native-kqueue-4.1.60.Final-osx-x86_64.jar;C:\Users\AMAR-G\.m2\repository\org\reactivestreams\reactive-streams\1.0.3\reactive-streams-1.0.3.jar;C:\Users\AMAR-G\.m2\repository\com\typesafe\netty\netty-reactive-streams\2.0.4\netty-reactive-streams-2.0.4.jar;C:\Users\AMAR-G\.m2\repository\com\sun\activation\jakarta.activation\1.2.2\jakarta.activation-1.2.2.jar;C:\Users\AMAR-G\.m2\repository\org\seleniumhq\selenium\selenium-http\4.1.2\selenium-http-4.1.2.jar;C:\Users\AMAR-G\.m2\repository\net\jodah\failsafe\2.4.4\failsafe-2.4.4.jar;C:\Users\AMAR-G\.m2\repository\org\seleniumhq\selenium\selenium-safari-driver\4.1.2\selenium-safari-driver-4.1.2.jar;C:\Users\AMAR-G\.m2\repository\org\seleniumhq\selenium\selenium-support\4.1.2\selenium-support-4.1.2.jar;C:\Users\AMAR-G\.m2\repository\org\testng\testng\7.1.0\testng-7.1.0.jar;C:\Users\AMAR-G\.m2\repository\com\beust\jcommander\1.72\jcommander-1.72.jar;C:\Users\AMAR-G\.m2\repository\com\google\inject\guice\4.1.0\guice-4.1.0-no_aop.jar;C:\Users\AMAR-G\.m2\repository\javax\inject\javax.inject\1\javax.inject-1.jar;C:\Users\AMAR-G\.m2\repository\aopalliance\aopalliance\1.0\aopalliance-1.0.jar;C:\Users\AMAR-G\.m2\repository\org\yaml\snakeyaml\1.21\snakeyaml-1.21.jar;"/>
    <property name="sun.cpu.endian" value="little"/>
    <property name="user.home" value="C:\Users\AMAR-G"/>
    <property name="user.language" value="en"/>
    <property name="java.specification.vendor" value="Oracle Corporation"/>
    <property name="java.home" value="C:\Program Files\Java\jdk1.8.0_172\jre"/>
    <property name="basedir" value="D:\April2021\JenkinsDemo"/>
    <property name="file.separator" value="\"/>
    <property name="line.separator" value="&#10;"/>
    <property name="java.vm.specification.vendor" value="Oracle Corporation"/>
    <property name="java.specification.name" value="Java Platform API Specification"/>
    <property name="java.awt.graphicsenv" value="sun.awt.Win32GraphicsEnvironment"/>
    <property name="surefire.real.class.path" value="C:\Users\AMAR-G\AppData\Local\Temp\surefire6710660923415013934\surefirebooter2456428180339287110.jar"/>
    <property name="sun.boot.class.path" value="C:\Program Files\Java\jdk1.8.0_172\jre\lib\resources.jar;C:\Program Files\Java\jdk1.8.0_172\jre\lib\rt.jar;C:\Program Files\Java\jdk1.8.0_172\jre\lib\sunrsasign.jar;C:\Program Files\Java\jdk1.8.0_172\jre\lib\jsse.jar;C:\Program Files\Java\jdk1.8.0_172\jre\lib\jce.jar;C:\Program Files\Java\jdk1.8.0_172\jre\lib\charsets.jar;C:\Program Files\Java\jdk1.8.0_172\jre\lib\jfr.jar;C:\Program Files\Java\jdk1.8.0_172\jre\classes"/>
    <property name="user.script" value=""/>
    <property name="sun.management.compiler" value="HotSpot 64-Bit Tiered Compilers"/>
    <property name="java.runtime.version" value="1.8.0_172-b11"/>
    <property name="user.name" value="AMAR-G"/>
    <property name="path.separator" value=";"/>
    <property name="os.version" value="6.3"/>
    <property name="java.endorsed.dirs" value="C:\Program Files\Java\jdk1.8.0_172\jre\lib\endorsed"/>
    <property name="java.runtime.name" value="Java(TM) SE Runtime Environment"/>
    <property name="file.encoding" value="Cp1252"/>
    <property name="java.vm.name" value="Java HotSpot(TM) 64-Bit Server VM"/>
    <property name="localRepository" value="C:\Users\AMAR-G\.m2\repository"/>
    <property name="java.vendor.url.bug" value="http://bugreport.sun.com/bugreport/"/>
    <property name="java.io.tmpdir" value="C:\Users\AMAR-G\AppData\Local\Temp\"/>
    <property name="java.version" value="1.8.0_172"/>
    <property name="user.dir" value="D:\April2021\JenkinsDemo"/>
    <property name="os.arch" value="amd64"/>
    <property name="java.vm.specification.name" value="Java Virtual Machine Specification"/>
    <property name="java.awt.printerjob" value="sun.awt.windows.WPrinterJob"/>
    <property name="sun.os.patch.level" value="Service Pack 1"/>
    <property name="java.library.path" value="C:\Program Files\Java\jdk1.8.0_172\jre\bin;C:\Windows\Sun\Java\bin;C:\Windows\system32;C:\Windows;C:\Program Files\Java\jdk1.8.0_172\bin;C:\apache-maven-3.6.3\bin;C:\Apache TOMCAT\apache-tomcat-9.0.30\bin;C:\Program Files\nodejs\;C:\Users\AMAR-G\AppData\Local\Android\Sdk\platform-tools;C:\Users\AMAR-G\AppData\Local\Android\Sdk\platform-tools;D:\Automation Softwares\scrcpy;C:\Windows\System32;C:\Program Files\Git\cmd;D:\Automation Softwares\chromedriver.exe;D:\Automation Softwares\geckodriver.exe;C:\Users\AMAR-G\AppData\Roaming\npm;C:\Program Files\JetBrains\IntelliJ IDEA Community Edition 2020.3.2\bin;."/>
    <property name="java.vm.info" value="mixed mode"/>
    <property name="java.vendor" value="Oracle Corporation"/>
    <property name="java.vm.version" value="25.172-b11"/>
    <property name="java.ext.dirs" value="C:\Program Files\Java\jdk1.8.0_172\jre\lib\ext;C:\Windows\Sun\Java\lib\ext"/>
    <property name="sun.io.unicode.encoding" value="UnicodeLittle"/>
    <property name="java.class.version" value="52.0"/>
  </properties>
  <testcase name="selectcity" classname="practice.Fliplart" time="35.217">
    <system-out><![CDATA[Thu Mar 10 2022
]]></system-out>
    <system-err><![CDATA[SLF4J: Failed to load class "org.slf4j.impl.StaticLoggerBinder".
SLF4J: Defaulting to no-operation (NOP) logger implementation
SLF4J: See http://www.slf4j.org/codes.html#StaticLoggerBinder for further details.
Starting ChromeDriver 99.0.4844.51 (d537ec02474b5afe23684e7963d538896c63ac77-refs/branch-heads/4844@{#875}) on port 53981
Only local connections are allowed.
Please see https://chromedriver.chromium.org/security-considerations for suggestions on keeping ChromeDriver safe.
ChromeDriver was started successfully.
Mar 10, 2022 3:42:56 PM org.openqa.selenium.remote.ProtocolHandshake createSession
INFO: Detected dialect: W3C
Mar 10, 2022 3:42:56 PM org.openqa.selenium.devtools.CdpVersionFinder findNearestMatch
WARNING: Unable to find an exact match for CDP version 99, so returning the closest version found: 97
Mar 10, 2022 3:42:56 PM org.openqa.selenium.devtools.CdpVersionFinder findNearestMatch
INFO: Found CDP implementation for version 99 of 97
]]></system-err>
  </testcase>
</testsuite>