<?xml version="1.0" encoding="UTF-8"?>
<!-- Generated by org.testng.reporters.JUnitReportReporter -->
<testsuite skipped="0" hostname="Amar" name="practice.Fliplart" tests="1" failures="0" timestamp="2022-03-10T15:37:16 IST" time="71.161" errors="0">
  <testcase name="selectcity" time="71.161" classname="practice.Fliplart"/>
  <system-out/>
</testsuite> <!-- practice.Fliplart -->
